[     150ms] [INFO] %cDownload the React DevTools for a better development experience: https://react.dev/link/react-devtools font-weight:bold @ http://localhost:2026/_next/static/chunks/697cc_next_dist_caa9c412._.js:2297
[     310ms] [LOG] [HMR] connected @ http://localhost:2026/_next/static/chunks/697cc_next_dist_caa9c412._.js:2297
[     628ms] [WARNING] [.WebGL-0x3ee400140e00]GL Driver Message (OpenGL, Performance, GL_CLOSE_PATH_NV, High): GPU stall due to ReadPixels @ http://localhost:2026/:0
[     831ms] [WARNING] [.WebGL-0x3ee400140e00]GL Driver Message (OpenGL, Performance, GL_CLOSE_PATH_NV, High): GPU stall due to ReadPixels @ http://localhost:2026/:0
[    1022ms] [WARNING] [.WebGL-0x3ee400140e00]GL Driver Message (OpenGL, Performance, GL_CLOSE_PATH_NV, High): GPU stall due to ReadPixels @ http://localhost:2026/:0
[    1234ms] [WARNING] [.WebGL-0x3ee400140e00]GL Driver Message (OpenGL, Performance, GL_CLOSE_PATH_NV, High): GPU stall due to ReadPixels (this message will no longer repeat) @ http://localhost:2026/:0
[   20380ms] [LOG] [Fast Refresh] rebuilding @ http://localhost:2026/_next/static/chunks/697cc_next_dist_caa9c412._.js:2297
[   25439ms] [LOG] [Fast Refresh] done in 5372ms @ http://localhost:2026/_next/static/chunks/697cc_next_dist_caa9c412._.js:2297
[   26280ms] [ERROR] Failed to load resource: the server responded with a status of 404 (Not Found) @ http://localhost:2026/images/noldus-emblem.svg:0
[   26499ms] [LOG] [Fast Refresh] rebuilding @ http://localhost:2026/_next/static/chunks/697cc_next_dist_caa9c412._.js:2297
[   26505ms] [LOG] [Fast Refresh] done in 434ms @ http://localhost:2026/_next/static/chunks/697cc_next_dist_caa9c412._.js:2297
[   27277ms] [ERROR] Failed to load resource: the server responded with a status of 404 (Not Found) @ http://localhost:2026/images/noldus-emblem.svg:0
[   27356ms] [LOG] [Fast Refresh] rebuilding @ http://localhost:2026/_next/static/chunks/697cc_next_dist_caa9c412._.js:2297
[   30323ms] [WARNING] The resource http://localhost:2026/_next/static/chunks/e7abd_worktrees_feat%2Bg4-frontend-stage-broadcast_packages_agent_frontend_dccef313._.css was preloaded using link preload but not used within a few seconds from the window's load event. Please make sure it has an appropriate `as` value and it is preloaded intentionally. @ http://localhost:2026/workspace:0
[   31055ms] [LOG] [Fast Refresh] done in 3798ms @ http://localhost:2026/_next/static/chunks/697cc_next_dist_caa9c412._.js:2297
[   31156ms] [LOG] [Fast Refresh] rebuilding @ http://localhost:2026/_next/static/chunks/697cc_next_dist_caa9c412._.js:2297
[   31529ms] [LOG] [Fast Refresh] done in 474ms @ http://localhost:2026/_next/static/chunks/697cc_next_dist_caa9c412._.js:2297
[   31758ms] [LOG] [Fast Refresh] rebuilding @ http://localhost:2026/_next/static/chunks/697cc_next_dist_caa9c412._.js:2297
[   31905ms] [LOG] [Fast Refresh] done in 366ms @ http://localhost:2026/_next/static/chunks/697cc_next_dist_caa9c412._.js:2297
[   34801ms] [WARNING] The resource http://localhost:2026/_next/static/chunks/e7abd_worktrees_feat%2Bg4-frontend-stage-broadcast_packages_agent_frontend_dccef313._.css was preloaded using link preload but not used within a few seconds from the window's load event. Please make sure it has an appropriate `as` value and it is preloaded intentionally. @ http://localhost:2026/workspace/chats/new:0
[  117204ms] [WARNING] The resource http://localhost:2026/_next/static/chunks/e7abd_worktrees_feat%2Bg4-frontend-stage-broadcast_packages_agent_frontend_dccef313._.css was preloaded using link preload but not used within a few seconds from the window's load event. Please make sure it has an appropriate `as` value and it is preloaded intentionally. @ http://localhost:2026/workspace/chats/new:0
[  132937ms] [WARNING] The resource http://localhost:2026/_next/static/chunks/e7abd_worktrees_feat%2Bg4-frontend-stage-broadcast_packages_agent_frontend_dccef313._.css was preloaded using link preload but not used within a few seconds from the window's load event. Please make sure it has an appropriate `as` value and it is preloaded intentionally. @ http://localhost:2026/workspace/chats/new:0
[  142068ms] [WARNING] The resource http://localhost:2026/_next/static/chunks/e7abd_worktrees_feat%2Bg4-frontend-stage-broadcast_packages_agent_frontend_dccef313._.css was preloaded using link preload but not used within a few seconds from the window's load event. Please make sure it has an appropriate `as` value and it is preloaded intentionally. @ http://localhost:2026/workspace/chats/bcec74e2-921b-42d4-8edc-02897549000f:0
[  217816ms] [WARNING] The resource http://localhost:2026/_next/static/chunks/e7abd_worktrees_feat%2Bg4-frontend-stage-broadcast_packages_agent_frontend_dccef313._.css was preloaded using link preload but not used within a few seconds from the window's load event. Please make sure it has an appropriate `as` value and it is preloaded intentionally. @ http://localhost:2026/workspace/chats/bcec74e2-921b-42d4-8edc-02897549000f:0
[  228945ms] [WARNING] The resource http://localhost:2026/_next/static/chunks/e7abd_worktrees_feat%2Bg4-frontend-stage-broadcast_packages_agent_frontend_dccef313._.css was preloaded using link preload but not used within a few seconds from the window's load event. Please make sure it has an appropriate `as` value and it is preloaded intentionally. @ http://localhost:2026/workspace/chats/bcec74e2-921b-42d4-8edc-02897549000f:0
[  233392ms] [WARNING] The resource http://localhost:2026/_next/static/chunks/e7abd_worktrees_feat%2Bg4-frontend-stage-broadcast_packages_agent_frontend_dccef313._.css was preloaded using link preload but not used within a few seconds from the window's load event. Please make sure it has an appropriate `as` value and it is preloaded intentionally. @ http://localhost:2026/workspace/chats/bcec74e2-921b-42d4-8edc-02897549000f:0
[  292649ms] [WARNING] The resource http://localhost:2026/_next/static/chunks/e7abd_worktrees_feat%2Bg4-frontend-stage-broadcast_packages_agent_frontend_dccef313._.css was preloaded using link preload but not used within a few seconds from the window's load event. Please make sure it has an appropriate `as` value and it is preloaded intentionally. @ http://localhost:2026/workspace/chats/bcec74e2-921b-42d4-8edc-02897549000f:0
[  364543ms] [WARNING] The resource http://localhost:2026/_next/static/chunks/e7abd_worktrees_feat%2Bg4-frontend-stage-broadcast_packages_agent_frontend_dccef313._.css was preloaded using link preload but not used within a few seconds from the window's load event. Please make sure it has an appropriate `as` value and it is preloaded intentionally. @ http://localhost:2026/workspace/chats/bcec74e2-921b-42d4-8edc-02897549000f:0
[  377872ms] [WARNING] The resource http://localhost:2026/_next/static/chunks/e7abd_worktrees_feat%2Bg4-frontend-stage-broadcast_packages_agent_frontend_dccef313._.css was preloaded using link preload but not used within a few seconds from the window's load event. Please make sure it has an appropriate `as` value and it is preloaded intentionally. @ http://localhost:2026/workspace/chats/bcec74e2-921b-42d4-8edc-02897549000f:0
[  382900ms] [WARNING] The resource http://localhost:2026/_next/static/chunks/e7abd_worktrees_feat%2Bg4-frontend-stage-broadcast_packages_agent_frontend_dccef313._.css was preloaded using link preload but not used within a few seconds from the window's load event. Please make sure it has an appropriate `as` value and it is preloaded intentionally. @ http://localhost:2026/workspace/chats/bcec74e2-921b-42d4-8edc-02897549000f:0
[  420329ms] [WARNING] The resource http://localhost:2026/_next/static/chunks/e7abd_worktrees_feat%2Bg4-frontend-stage-broadcast_packages_agent_frontend_dccef313._.css was preloaded using link preload but not used within a few seconds from the window's load event. Please make sure it has an appropriate `as` value and it is preloaded intentionally. @ http://localhost:2026/workspace/chats/bcec74e2-921b-42d4-8edc-02897549000f:0
[  425412ms] [WARNING] The resource http://localhost:2026/_next/static/chunks/e7abd_worktrees_feat%2Bg4-frontend-stage-broadcast_packages_agent_frontend_dccef313._.css was preloaded using link preload but not used within a few seconds from the window's load event. Please make sure it has an appropriate `as` value and it is preloaded intentionally. @ http://localhost:2026/workspace/chats/bcec74e2-921b-42d4-8edc-02897549000f:0
[  444806ms] [WARNING] The resource http://localhost:2026/_next/static/chunks/e7abd_worktrees_feat%2Bg4-frontend-stage-broadcast_packages_agent_frontend_dccef313._.css was preloaded using link preload but not used within a few seconds from the window's load event. Please make sure it has an appropriate `as` value and it is preloaded intentionally. @ http://localhost:2026/workspace/chats/bcec74e2-921b-42d4-8edc-02897549000f:0
[  450008ms] [WARNING] The resource http://localhost:2026/_next/static/chunks/e7abd_worktrees_feat%2Bg4-frontend-stage-broadcast_packages_agent_frontend_dccef313._.css was preloaded using link preload but not used within a few seconds from the window's load event. Please make sure it has an appropriate `as` value and it is preloaded intentionally. @ http://localhost:2026/workspace/chats/bcec74e2-921b-42d4-8edc-02897549000f:0
[  482969ms] [ERROR] WebSocket connection to 'ws://localhost:2026/_next/webpack-hmr?id=s_TdfMGMuaeeVV2rrB_rS' failed: Error in connection establishment: net::ERR_CONNECTION_REFUSED @ http://localhost:2026/_next/static/chunks/697cc_next_dist_client_67709ce4._.js:10878
[  483972ms] [ERROR] WebSocket connection to 'ws://localhost:2026/_next/webpack-hmr?id=s_TdfMGMuaeeVV2rrB_rS' failed: Error in connection establishment: net::ERR_CONNECTION_REFUSED @ http://localhost:2026/_next/static/chunks/697cc_next_dist_client_67709ce4._.js:10878
[  484974ms] [ERROR] WebSocket connection to 'ws://localhost:2026/_next/webpack-hmr?id=s_TdfMGMuaeeVV2rrB_rS' failed: Error in connection establishment: net::ERR_CONNECTION_REFUSED @ http://localhost:2026/_next/static/chunks/697cc_next_dist_client_67709ce4._.js:10878
[  485977ms] [ERROR] WebSocket connection to 'ws://localhost:2026/_next/webpack-hmr?id=s_TdfMGMuaeeVV2rrB_rS' failed: Error in connection establishment: net::ERR_CONNECTION_REFUSED @ http://localhost:2026/_next/static/chunks/697cc_next_dist_client_67709ce4._.js:10878
[  486979ms] [ERROR] WebSocket connection to 'ws://localhost:2026/_next/webpack-hmr?id=s_TdfMGMuaeeVV2rrB_rS' failed: Error in connection establishment: net::ERR_CONNECTION_REFUSED @ http://localhost:2026/_next/static/chunks/697cc_next_dist_client_67709ce4._.js:10878
[  491985ms] [ERROR] WebSocket connection to 'ws://localhost:2026/_next/webpack-hmr?id=s_TdfMGMuaeeVV2rrB_rS' failed: Error in connection establishment: net::ERR_CONNECTION_REFUSED @ http://localhost:2026/_next/static/chunks/697cc_next_dist_client_67709ce4._.js:10878
[  496993ms] [ERROR] WebSocket connection to 'ws://localhost:2026/_next/webpack-hmr?id=s_TdfMGMuaeeVV2rrB_rS' failed: Error in connection establishment: net::ERR_CONNECTION_REFUSED @ http://localhost:2026/_next/static/chunks/697cc_next_dist_client_67709ce4._.js:10878
[  502007ms] [ERROR] WebSocket connection to 'ws://localhost:2026/_next/webpack-hmr?id=s_TdfMGMuaeeVV2rrB_rS' failed: Error in connection establishment: net::ERR_CONNECTION_REFUSED @ http://localhost:2026/_next/static/chunks/697cc_next_dist_client_67709ce4._.js:10878
[  507046ms] [ERROR] WebSocket connection to 'ws://localhost:2026/_next/webpack-hmr?id=s_TdfMGMuaeeVV2rrB_rS' failed: Error in connection establishment: net::ERR_CONNECTION_REFUSED @ http://localhost:2026/_next/static/chunks/697cc_next_dist_client_67709ce4._.js:10878
[  512113ms] [ERROR] WebSocket connection to 'ws://localhost:2026/_next/webpack-hmr?id=s_TdfMGMuaeeVV2rrB_rS' failed: Error in connection establishment: net::ERR_CONNECTION_REFUSED @ http://localhost:2026/_next/static/chunks/697cc_next_dist_client_67709ce4._.js:10878
[  517225ms] [ERROR] WebSocket connection to 'ws://localhost:2026/_next/webpack-hmr?id=s_TdfMGMuaeeVV2rrB_rS' failed: Error in connection establishment: net::ERR_CONNECTION_REFUSED @ http://localhost:2026/_next/static/chunks/697cc_next_dist_client_67709ce4._.js:10878
[  522322ms] [ERROR] WebSocket connection to 'ws://localhost:2026/_next/webpack-hmr?id=s_TdfMGMuaeeVV2rrB_rS' failed: Error in connection establishment: net::ERR_CONNECTION_REFUSED @ http://localhost:2026/_next/static/chunks/697cc_next_dist_client_67709ce4._.js:10878
